# JRE version: OpenJDK Runtime Environment Temurin-21.0.9+10 (21.0.9+10) (build 21.0.9+10-LTS)
# Java VM: OpenJDK 64-Bit Server VM Temurin-21.0.9+10 (21.0.9+10-LTS, mixed mode, sharing, tiered, compressed oops, compressed class ptrs, parallel gc, windows-amd64)
GC Precious Log:
 CardTable entry size: 512
 CPUs: 8 total, 8 available
 Memory: 8035M
 Large Page Support: Disabled
 NUMA Support: Disabled
 Compressed Oops: Enabled (32-bit)
 Alignments: Space 512K, Generation 512K, Heap 2M
 Heap Min Capacity: 100M
 Heap Initial Capacity: 100M
 Heap Max Capacity: 2G
 Pre-touch: Disabled
 Parallel Workers: 8
Heap:
 PSYoungGen      total 11264K, used 3859K [0x00000000d5580000, 0x00000000d6780000, 0x0000000100000000)
  eden space 10752K, 31% used [0x00000000d5580000,0x00000000d58c6c78,0x00000000d6000000)
  from space 512K, 98% used [0x00000000d6700000,0x00000000d677e1a8,0x00000000d6780000)
  to   space 2048K, 0% used [0x00000000d6380000,0x00000000d6380000,0x00000000d6580000)
 ParOldGen       total 68608K, used 44789K [0x0000000080000000, 0x0000000084300000, 0x00000000d5580000)
  object space 68608K, 65% used [0x0000000080000000,0x0000000082bbd618,0x0000000084300000)
 Metaspace       used 50894K, committed 52032K, reserved 1114112K
  class space    used 5774K, committed 6272K, reserved 1048576K
GC Heap History (20 events):
Event: 46.701 GC heap before
{Heap before GC invocations=23 (full 2):
 PSYoungGen      total 19456K, used 19452K [0x00000000d5580000, 0x00000000d7800000, 0x0000000100000000)
  eden space 18432K, 100% used [0x00000000d5580000,0x00000000d6780000,0x00000000d6780000)
  from space 1024K, 99% used [0x00000000d6e00000,0x00000000d6eff210,0x00000000d6f00000)
  to   space 6656K, 0% used [0x00000000d6780000,0x00000000d6780000,0x00000000d6e00000)
 ParOldGen       total 68608K, used 29925K [0x0000000080000000, 0x0000000084300000, 0x00000000d5580000)
  object space 68608K, 43% used [0x0000000080000000,0x0000000081d39448,0x0000000084300000)
 Metaspace       used 46389K, committed 47552K, reserved 1114112K
  class space    used 5063K, committed 5568K, reserved 1048576K
}
Event: 46.710 GC heap after
{Heap after GC invocations=23 (full 2):
 PSYoungGen      total 21504K, used 2960K [0x00000000d5580000, 0x00000000d6f80000, 0x0000000100000000)
  eden space 18432K, 0% used [0x00000000d5580000,0x00000000d5580000,0x00000000d6780000)
  from space 3072K, 96% used [0x00000000d6780000,0x00000000d6a64020,0x00000000d6a80000)
  to   space 4096K, 0% used [0x00000000d6b80000,0x00000000d6b80000,0x00000000d6f80000)
 ParOldGen       total 68608K, used 30668K [0x0000000080000000, 0x0000000084300000, 0x00000000d5580000)
  object space 68608K, 44% used [0x0000000080000000,0x0000000081df3118,0x0000000084300000)
 Metaspace       used 46389K, committed 47552K, reserved 1114112K
  class space    used 5063K, committed 5568K, reserved 1048576K
}
Event: 48.606 GC heap before
{Heap before GC invocations=24 (full 2):
 PSYoungGen      total 21504K, used 21392K [0x00000000d5580000, 0x00000000d6f80000, 0x0000000100000000)
  eden space 18432K, 100% used [0x00000000d5580000,0x00000000d6780000,0x00000000d6780000)
  from space 3072K, 96% used [0x00000000d6780000,0x00000000d6a64020,0x00000000d6a80000)
  to   space 4096K, 0% used [0x00000000d6b80000,0x00000000d6b80000,0x00000000d6f80000)
 ParOldGen       total 68608K, used 30668K [0x0000000080000000, 0x0000000084300000, 0x00000000d5580000)
  object space 68608K, 44% used [0x0000000080000000,0x0000000081df3118,0x0000000084300000)
 Metaspace       used 46691K, committed 47872K, reserved 1114112K
  class space    used 5116K, committed 5632K, reserved 1048576K
}
Event: 48.612 GC heap after
{Heap after GC invocations=24 (full 2):
 PSYoungGen      total 18944K, used 288K [0x00000000d5580000, 0x00000000d6c00000, 0x0000000100000000)
  eden space 18432K, 0% used [0x00000000d5580000,0x00000000d5580000,0x00000000d6780000)
  from space 512K, 56% used [0x00000000d6b80000,0x00000000d6bc8000,0x00000000d6c00000)
  to   space 1536K, 0% used [0x00000000d6900000,0x00000000d6900000,0x00000000d6a80000)
 ParOldGen       total 68608K, used 33546K [0x0000000080000000, 0x0000000084300000, 0x00000000d5580000)
  object space 68608K, 48% used [0x0000000080000000,0x00000000820c2a98,0x0000000084300000)
 Metaspace       used 46691K, committed 47872K, reserved 1114112K
  class space    used 5116K, committed 5632K, reserved 1048576K
}
Event: 50.748 GC heap before
{Heap before GC invocations=25 (full 2):
 PSYoungGen      total 18944K, used 18720K [0x00000000d5580000, 0x00000000d6c00000, 0x0000000100000000)
  eden space 18432K, 100% used [0x00000000d5580000,0x00000000d6780000,0x00000000d6780000)
  from space 512K, 56% used [0x00000000d6b80000,0x00000000d6bc8000,0x00000000d6c00000)
  to   space 1536K, 0% used [0x00000000d6900000,0x00000000d6900000,0x00000000d6a80000)
 ParOldGen       total 68608K, used 33546K [0x0000000080000000, 0x0000000084300000, 0x00000000d5580000)
  object space 68608K, 48% used [0x0000000080000000,0x00000000820c2a98,0x0000000084300000)
 Metaspace       used 48523K, committed 49664K, reserved 1114112K
  class space    used 5384K, committed 5888K, reserved 1048576K
}
Event: 50.751 GC heap after
{Heap after GC invocations=25 (full 2):
 PSYoungGen      total 19968K, used 1373K [0x00000000d5580000, 0x00000000d6c00000, 0x0000000100000000)
  eden space 18432K, 0% used [0x00000000d5580000,0x00000000d5580000,0x00000000d6780000)
  from space 1536K, 89% used [0x00000000d6900000,0x00000000d6a57440,0x00000000d6a80000)
  to   space 1536K, 0% used [0x00000000d6a80000,0x00000000d6a80000,0x00000000d6c00000)
 ParOldGen       total 68608K, used 33626K [0x0000000080000000, 0x0000000084300000, 0x00000000d5580000)
  object space 68608K, 49% used [0x0000000080000000,0x00000000820d6a98,0x0000000084300000)
 Metaspace       used 48523K, committed 49664K, reserved 1114112K
  class space    used 5384K, committed 5888K, reserved 1048576K
}
Event: 54.160 GC heap before
{Heap before GC invocations=26 (full 2):
 PSYoungGen      total 19968K, used 19805K [0x00000000d5580000, 0x00000000d6c00000, 0x0000000100000000)
  eden space 18432K, 100% used [0x00000000d5580000,0x00000000d6780000,0x00000000d6780000)
  from space 1536K, 89% used [0x00000000d6900000,0x00000000d6a57440,0x00000000d6a80000)
  to   space 1536K, 0% used [0x00000000d6a80000,0x00000000d6a80000,0x00000000d6c00000)
 ParOldGen       total 68608K, used 33626K [0x0000000080000000, 0x0000000084300000, 0x00000000d5580000)
  object space 68608K, 49% used [0x0000000080000000,0x00000000820d6a98,0x0000000084300000)
 Metaspace       used 49535K, committed 50688K, reserved 1114112K
  class space    used 5546K, committed 6016K, reserved 1048576K
}
Event: 54.180 GC heap after
{Heap after GC invocations=26 (full 2):
 PSYoungGen      total 12288K, used 1532K [0x00000000d5580000, 0x00000000d7c80000, 0x0000000100000000)
  eden space 10752K, 0% used [0x00000000d5580000,0x00000000d5580000,0x00000000d6000000)
  from space 1536K, 99% used [0x00000000d6a80000,0x00000000d6bff028,0x00000000d6c00000)
  to   space 10752K, 0% used [0x00000000d6000000,0x00000000d6000000,0x00000000d6a80000)
 ParOldGen       total 68608K, used 41064K [0x0000000080000000, 0x0000000084300000, 0x00000000d5580000)
  object space 68608K, 59% used [0x0000000080000000,0x000000008281a3b0,0x0000000084300000)
 Metaspace       used 49535K, committed 50688K, reserved 1114112K
  class space    used 5546K, committed 6016K, reserved 1048576K
}
Event: 63.581 GC heap before
{Heap before GC invocations=27 (full 2):
 PSYoungGen      total 12288K, used 12284K [0x00000000d5580000, 0x00000000d7c80000, 0x0000000100000000)
  eden space 10752K, 100% used [0x00000000d5580000,0x00000000d6000000,0x00000000d6000000)
  from space 1536K, 99% used [0x00000000d6a80000,0x00000000d6bff028,0x00000000d6c00000)
  to   space 10752K, 0% used [0x00000000d6000000,0x00000000d6000000,0x00000000d6a80000)
 ParOldGen       total 68608K, used 41064K [0x0000000080000000, 0x0000000084300000, 0x00000000d5580000)
  object space 68608K, 59% used [0x0000000080000000,0x000000008281a3b0,0x0000000084300000)
 Metaspace       used 50356K, committed 51520K, reserved 1114112K
  class space    used 5711K, committed 6208K, reserved 1048576K
}
Event: 63.584 GC heap after
{Heap after GC invocations=27 (full 2):
 PSYoungGen      total 11776K, used 608K [0x00000000d5580000, 0x00000000d6b00000, 0x0000000100000000)
  eden space 10752K, 0% used [0x00000000d5580000,0x00000000d5580000,0x00000000d6000000)
  from space 1024K, 59% used [0x00000000d6000000,0x00000000d6098000,0x00000000d6100000)
  to   space 4096K, 0% used [0x00000000d6700000,0x00000000d6700000,0x00000000d6b00000)
 ParOldGen       total 68608K, used 42589K [0x0000000080000000, 0x0000000084300000, 0x00000000d5580000)
  object space 68608K, 62% used [0x0000000080000000,0x0000000082997450,0x0000000084300000)
 Metaspace       used 50356K, committed 51520K, reserved 1114112K
  class space    used 5711K, committed 6208K, reserved 1048576K
}
Event: 65.644 GC heap before
{Heap before GC invocations=28 (full 2):
 PSYoungGen      total 11776K, used 11360K [0x00000000d5580000, 0x00000000d6b00000, 0x0000000100000000)
  eden space 10752K, 100% used [0x00000000d5580000,0x00000000d6000000,0x00000000d6000000)
  from space 1024K, 59% used [0x00000000d6000000,0x00000000d6098000,0x00000000d6100000)
  to   space 4096K, 0% used [0x00000000d6700000,0x00000000d6700000,0x00000000d6b00000)
 ParOldGen       total 68608K, used 42589K [0x0000000080000000, 0x0000000084300000, 0x00000000d5580000)
  object space 68608K, 62% used [0x0000000080000000,0x0000000082997450,0x0000000084300000)
 Metaspace       used 50848K, committed 52032K, reserved 1114112K
  class space    used 5773K, committed 6272K, reserved 1048576K
}
Event: 65.647 GC heap after
{Heap after GC invocations=28 (full 2):
 PSYoungGen      total 11264K, used 448K [0x00000000d5580000, 0x00000000d6780000, 0x0000000100000000)
  eden space 10752K, 0% used [0x00000000d5580000,0x00000000d5580000,0x00000000d6000000)
  from space 512K, 87% used [0x00000000d6700000,0x00000000d6770000,0x00000000d6780000)
  to   space 1024K, 0% used [0x00000000d6580000,0x00000000d6580000,0x00000000d6680000)
 ParOldGen       total 68608K, used 43077K [0x0000000080000000, 0x0000000084300000, 0x00000000d5580000)
  object space 68608K, 62% used [0x0000000080000000,0x0000000082a11460,0x0000000084300000)
 Metaspace       used 50848K, committed 52032K, reserved 1114112K
  class space    used 5773K, committed 6272K, reserved 1048576K
}
Event: 66.750 GC heap before
{Heap before GC invocations=29 (full 2):
 PSYoungGen      total 11264K, used 11200K [0x00000000d5580000, 0x00000000d6780000, 0x0000000100000000)
  eden space 10752K, 100% used [0x00000000d5580000,0x00000000d6000000,0x00000000d6000000)
  from space 512K, 87% used [0x00000000d6700000,0x00000000d6770000,0x00000000d6780000)
  to   space 1024K, 0% used [0x00000000d6580000,0x00000000d6580000,0x00000000d6680000)
 ParOldGen       total 68608K, used 43077K [0x0000000080000000, 0x0000000084300000, 0x00000000d5580000)
  object space 68608K, 62% used [0x0000000080000000,0x0000000082a11460,0x0000000084300000)
 Metaspace       used 50872K, committed 52032K, reserved 1114112K
  class space    used 5774K, committed 6272K, reserved 1048576K
}
Event: 66.753 GC heap after
{Heap after GC invocations=29 (full 2):
 PSYoungGen      total 11776K, used 352K [0x00000000d5580000, 0x00000000d6780000, 0x0000000100000000)
  eden space 10752K, 0% used [0x00000000d5580000,0x00000000d5580000,0x00000000d6000000)
  from space 1024K, 34% used [0x00000000d6580000,0x00000000d65d8000,0x00000000d6680000)
  to   space 512K, 0% used [0x00000000d6700000,0x00000000d6700000,0x00000000d6780000)
 ParOldGen       total 68608K, used 43358K [0x0000000080000000, 0x0000000084300000, 0x00000000d5580000)
  object space 68608K, 63% used [0x0000000080000000,0x0000000082a57800,0x0000000084300000)
 Metaspace       used 50872K, committed 52032K, reserved 1114112K
  class space    used 5774K, committed 6272K, reserved 1048576K
}
Event: 69.254 GC heap before
{Heap before GC invocations=30 (full 2):
 PSYoungGen      total 11776K, used 11104K [0x00000000d5580000, 0x00000000d6780000, 0x0000000100000000)
  eden space 10752K, 100% used [0x00000000d5580000,0x00000000d6000000,0x00000000d6000000)
  from space 1024K, 34% used [0x00000000d6580000,0x00000000d65d8000,0x00000000d6680000)
  to   space 512K, 0% used [0x00000000d6700000,0x00000000d6700000,0x00000000d6780000)
 ParOldGen       total 68608K, used 43358K [0x0000000080000000, 0x0000000084300000, 0x00000000d5580000)
  object space 68608K, 63% used [0x0000000080000000,0x0000000082a57800,0x0000000084300000)
 Metaspace       used 50874K, committed 52032K, reserved 1114112K
  class space    used 5774K, committed 6272K, reserved 1048576K
}
Event: 69.255 GC heap after
{Heap after GC invocations=30 (full 2):
 PSYoungGen      total 11264K, used 384K [0x00000000d5580000, 0x00000000d6780000, 0x0000000100000000)
  eden space 10752K, 0% used [0x00000000d5580000,0x00000000d5580000,0x00000000d6000000)
  from space 512K, 75% used [0x00000000d6700000,0x00000000d6760000,0x00000000d6780000)
  to   space 512K, 0% used [0x00000000d6680000,0x00000000d6680000,0x00000000d6700000)
 ParOldGen       total 68608K, used 43598K [0x0000000080000000, 0x0000000084300000, 0x00000000d5580000)
  object space 68608K, 63% used [0x0000000080000000,0x0000000082a93800,0x0000000084300000)
 Metaspace       used 50874K, committed 52032K, reserved 1114112K
  class space    used 5774K, committed 6272K, reserved 1048576K
}
Event: 74.402 GC heap before
{Heap before GC invocations=31 (full 2):
 PSYoungGen      total 11264K, used 11136K [0x00000000d5580000, 0x00000000d6780000, 0x0000000100000000)
  eden space 10752K, 100% used [0x00000000d5580000,0x00000000d6000000,0x00000000d6000000)
  from space 512K, 75% used [0x00000000d6700000,0x00000000d6760000,0x00000000d6780000)
  to   space 512K, 0% used [0x00000000d6680000,0x00000000d6680000,0x00000000d6700000)
 ParOldGen       total 68608K, used 43598K [0x0000000080000000, 0x0000000084300000, 0x00000000d5580000)
  object space 68608K, 63% used [0x0000000080000000,0x0000000082a93800,0x0000000084300000)
 Metaspace       used 50879K, committed 52032K, reserved 1114112K
  class space    used 5774K, committed 6272K, reserved 1048576K
}
Event: 74.403 GC heap after
{Heap after GC invocations=31 (full 2):
 PSYoungGen      total 11264K, used 448K [0x00000000d5580000, 0x00000000d6780000, 0x0000000100000000)
  eden space 10752K, 0% used [0x00000000d5580000,0x00000000d5580000,0x00000000d6000000)
  from space 512K, 87% used [0x00000000d6680000,0x00000000d66f0000,0x00000000d6700000)
  to   space 512K, 0% used [0x00000000d6700000,0x00000000d6700000,0x00000000d6780000)
 ParOldGen       total 68608K, used 43886K [0x0000000080000000, 0x0000000084300000, 0x00000000d5580000)
  object space 68608K, 63% used [0x0000000080000000,0x0000000082adb800,0x0000000084300000)
 Metaspace       used 50879K, committed 52032K, reserved 1114112K
  class space    used 5774K, committed 6272K, reserved 1048576K
}
Event: 77.007 GC heap before
{Heap before GC invocations=32 (full 2):
 PSYoungGen      total 11264K, used 11154K [0x00000000d5580000, 0x00000000d6780000, 0x0000000100000000)
  eden space 10752K, 99% used [0x00000000d5580000,0x00000000d5ff4a78,0x00000000d6000000)
  from space 512K, 87% used [0x00000000d6680000,0x00000000d66f0000,0x00000000d6700000)
  to   space 512K, 0% used [0x00000000d6700000,0x00000000d6700000,0x00000000d6780000)
 ParOldGen       total 68608K, used 43886K [0x0000000080000000, 0x0000000084300000, 0x00000000d5580000)
  object space 68608K, 63% used [0x0000000080000000,0x0000000082adb800,0x0000000084300000)
 Metaspace       used 50879K, committed 52032K, reserved 1114112K
  class space    used 5774K, committed 6272K, reserved 1048576K
}
Event: 77.010 GC heap after
{Heap after GC invocations=32 (full 2):
 PSYoungGen      total 11264K, used 504K [0x00000000d5580000, 0x00000000d6780000, 0x0000000100000000)
  eden space 10752K, 0% used [0x00000000d5580000,0x00000000d5580000,0x00000000d6000000)
  from space 512K, 98% used [0x00000000d6700000,0x00000000d677e1a8,0x00000000d6780000)
  to   space 2048K, 0% used [0x00000000d6380000,0x00000000d6380000,0x00000000d6580000)
 ParOldGen       total 68608K, used 44789K [0x0000000080000000, 0x0000000084300000, 0x00000000d5580000)
  object space 68608K, 65% used [0x0000000080000000,0x0000000082bbd618,0x0000000084300000)
 Metaspace       used 50879K, committed 52032K, reserved 1114112K
  class space    used 5774K, committed 6272K, reserved 1048576K
}

